Removed Pin From Net: NetName=DGND Pin=C1-2
Removed Pin From Net: NetName=+3.3V Pin=C2-1
Removed Pin From Net: NetName=DGND Pin=C3-1
Removed Pin From Net: NetName=+3.3V Pin=C3-2
Removed Pin From Net: NetName=DGND Pin=C4-1
Removed Pin From Net: NetName=+3.3V Pin=C4-2
Removed Pin From Net: NetName=DGND Pin=C5-1
Removed Pin From Net: NetName=+3.3V Pin=C5-2
Removed Pin From Net: NetName=DGND Pin=C6-1
Removed Pin From Net: NetName=+3.3V Pin=C6-2
Removed Pin From Net: NetName=DGND Pin=C7-1
Removed Pin From Net: NetName=+3.3V Pin=C7-2
Removed Pin From Net: NetName=DGND Pin=C8-1
Removed Pin From Net: NetName=+3.3V Pin=C8-2
Removed Pin From Net: NetName=DGND Pin=C9-1
Removed Pin From Net: NetName=+3.3V Pin=C9-2
Removed Pin From Net: NetName=DGND Pin=C10-1
Removed Pin From Net: NetName=+3.3V Pin=C10-2
Removed Pin From Net: NetName=DGND Pin=C11-1
Removed Pin From Net: NetName=+5V Pin=C11-2
Removed Pin From Net: NetName=DGND Pin=C12-1
Removed Pin From Net: NetName=+5V Pin=C12-2
Removed Pin From Net: NetName=DGND Pin=C13-1
Removed Pin From Net: NetName=+5V Pin=C13-2
Removed Pin From Net: NetName=DGND Pin=C14-1
Removed Pin From Net: NetName=+5V Pin=C14-2
Removed Pin From Net: NetName=DGND Pin=C15-1
Removed Pin From Net: NetName=+5V Pin=C15-2
Removed Pin From Net: NetName=DGND Pin=C16-1
Removed Pin From Net: NetName=+3.3V Pin=C16-2
Removed Pin From Net: NetName=DGND Pin=C17-1
Removed Pin From Net: NetName=+3.3V Pin=C17-2
Removed Pin From Net: NetName=DGND Pin=C18-1
Removed Pin From Net: NetName=+3.3V Pin=C18-2
Removed Pin From Net: NetName=DGND Pin=C19-1
Removed Pin From Net: NetName=+3.3V Pin=C19-2
Removed Pin From Net: NetName=DGND Pin=IC1-3
Removed Pin From Net: NetName=+3.3V Pin=IC1-5
Removed Pin From Net: NetName=DGND Pin=IC2-3
Removed Pin From Net: NetName=+3.3V Pin=IC2-5
Removed Pin From Net: NetName=+5V Pin=P1-8
Removed Pin From Net: NetName=DGND Pin=P1-13
Removed Pin From Net: NetName=COUNT_EN Pin=P1-14
Removed Pin From Net: NetName=DGND Pin=P1-17
Removed Pin From Net: NetName=CPU_IRQ Pin=P1-18
Removed Pin From Net: NetName=DGND Pin=P1-19
Removed Pin From Net: NetName=DGND Pin=P1-21
Removed Pin From Net: NetName=DGND Pin=P1-23
Removed Pin From Net: NetName=DGND Pin=P1-25
Removed Pin From Net: NetName=DGND Pin=P1-28
Removed Pin From Net: NetName=DGND Pin=P1-29
Removed Pin From Net: NetName=SPI2_NSS Pin=P1-30
Removed Pin From Net: NetName=DGND Pin=P1-31
Removed Pin From Net: NetName=SPI2_MOSI Pin=P1-32
Removed Pin From Net: NetName=DGND Pin=P1-33
Removed Pin From Net: NetName=SPI2_SCK Pin=P1-34
Removed Pin From Net: NetName=+3.3V Pin=P1-36
Removed Pin From Net: NetName=DGND Pin=P3-2
Removed Pin From Net: NetName=DGND Pin=P3-3
Removed Pin From Net: NetName=DGND Pin=P3-5
Removed Pin From Net: NetName=+3.3V Pin=P4-1
Removed Pin From Net: NetName=DGND Pin=P4-6
Removed Pin From Net: NetName=DGND Pin=R1-2
Removed Pin From Net: NetName=DGND Pin=R2-1
Removed Pin From Net: NetName=DGND Pin=R3-2
Removed Pin From Net: NetName=+3.3V Pin=R4-2
Removed Pin From Net: NetName=+3.3V Pin=U1-4
Removed Pin From Net: NetName=DGND Pin=U1-5
Removed Pin From Net: NetName=SPI2_SCK Pin=U1-7
Removed Pin From Net: NetName=SPI2_MOSI Pin=U1-8
Removed Pin From Net: NetName=SPI2_NSS Pin=U1-9
Removed Pin From Net: NetName=DGND Pin=U1-10
Removed Pin From Net: NetName=DGND Pin=U1-11
Removed Pin From Net: NetName=DGND Pin=U1-12
Removed Pin From Net: NetName=DGND Pin=U1-13
Removed Pin From Net: NetName=+3.3V Pin=U1-15
Removed Pin From Net: NetName=DGND Pin=U2-2
Removed Pin From Net: NetName=+3.3V Pin=U2-5
Removed Pin From Net: NetName=DGND Pin=U5-4
Removed Pin From Net: NetName=+3.3V Pin=U5-15
Removed Pin From Net: NetName=DGND Pin=U5-17
Removed Pin From Net: NetName=CPU_IRQ Pin=U5-23
Removed Pin From Net: NetName=DGND Pin=U5-25
Removed Pin From Net: NetName=+3.3V Pin=U5-26
Removed Pin From Net: NetName=COUNT_EN Pin=U5-28
Removed Pin From Net: NetName=+3.3V Pin=U5-35
Removed Pin From Net: NetName=DGND Pin=VR1-3
Removed Pin From Net: NetName=DGND Pin=Y1-2
Removed Pin From Net: NetName=+5V Pin=Y1-5
Removed Member From Class: ClassName=shcematics Member=C4
Removed Member From Class: ClassName=shcematics Member=C5
Removed Member From Class: ClassName=shcematics Member=C6
Removed Member From Class: ClassName=shcematics Member=C7
Removed Member From Class: ClassName=shcematics Member=C8
Removed Member From Class: ClassName=shcematics Member=C9
Removed Member From Class: ClassName=shcematics Member=C10
Removed Member From Class: ClassName=shcematics Member=C11
Removed Member From Class: ClassName=shcematics Member=C12
Removed Member From Class: ClassName=shcematics Member=C13
Removed Member From Class: ClassName=shcematics Member=C14
Removed Member From Class: ClassName=shcematics Member=C15
Removed Member From Class: ClassName=shcematics Member=C16
Removed Member From Class: ClassName=shcematics Member=C17
Removed Member From Class: ClassName=shcematics Member=C18
Removed Member From Class: ClassName=shcematics Member=C19
Removed Member From Class: ClassName=shcematics Member=IC1
Removed Member From Class: ClassName=shcematics Member=IC2
Removed Member From Class: ClassName=shcematics Member=P4
Removed Member From Class: ClassName=shcematics Member=R3
Removed Member From Class: ClassName=shcematics Member=R4
Removed Member From Class: ClassName=shcematics Member=R5
Removed Member From Class: ClassName=shcematics Member=U5
Removed Member From Class: ClassName=shcematics Member=VR1
Removed Member From Class: ClassName=shcematics Member=Y1
Change Component Footprint: Designator=U1 Old Footprint=ADI-RU-16_N New Footprint=SOT23-6L
Change Component Footprint: Designator=P3 Old Footprint=MMCX2.54-V5 New Footprint=HDR1X4
Change Component Footprint: Designator=U2 Old Footprint=TI-DBV5_N New Footprint=UFQFPN48
Change Component Footprint: Designator=R2 Old Footprint=Yegeo 0603 New Footprint=1608[0603]
Change Component Comment : Designator=R1 Old Comment=3.9K New Comment=22R
Change Component Comment : Designator=C1 Old Comment=10nF New Comment=100nF
Change Component Comment : Designator=C2 Old Comment=10nF New Comment=100nF
Change Component Comment : Designator=R2 Old Comment=300R New Comment=22R
Change Component Comment : Designator=U1 Old Comment=AD9832BRUZ New Comment=USBLC6-2
Change Component Comment : Designator=U2 Old Comment=LTC6752HS5 New Comment=STM32L152CBU6
Change Component Comment : Designator=P3 Old Comment=MMCX New Comment=SWD
Change component parameters: Designator = "C1" ("C1"); Footprint = "CAP 0603"; UniqueID = "\YIEVNDCO" ("\YIEVNDCO")
Change component parameters (AddParameter): Name = "LatestRevisionDate"; Value = "29-May-2009"; VariantName = "[No Variations]"
Change component parameters (AddParameter): Name = "LatestRevisionNote"; Value = "IPC-7351 Footprint Added."; VariantName = "[No Variations]"
Change component parameters (AddParameter): Name = "Order"; Value = "CC0603KRX7R8BB104"; VariantName = "[No Variations]"
Change component parameters (AddParameter): Name = "PackageDescription"; Value = "Chip Capacitor"; VariantName = "[No Variations]"
Change component parameters (AddParameter): Name = "PackageReference"; Value = "C1206"; VariantName = "[No Variations]"
Change component parameters (AddParameter): Name = "Published"; Value = "8-Jun-2000"; VariantName = "[No Variations]"
Change component parameters (AddParameter): Name = "Publisher"; Value = "Altium Limited"; VariantName = "[No Variations]"
Change component parameters (AddParameter): Name = "Value"; Value = "100nF"; VariantName = "[No Variations]"
Change component parameters: Designator = "C2" ("C2"); Footprint = "CAP 0603"; UniqueID = "\JWASUGOP" ("\JWASUGOP")
Change component parameters (AddParameter): Name = "LatestRevisionDate"; Value = "29-May-2009"; VariantName = "[No Variations]"
Change component parameters (AddParameter): Name = "LatestRevisionNote"; Value = "IPC-7351 Footprint Added."; VariantName = "[No Variations]"
Change component parameters (AddParameter): Name = "Order"; Value = "CC0603KRX7R8BB104"; VariantName = "[No Variations]"
Change component parameters (AddParameter): Name = "PackageDescription"; Value = "Chip Capacitor"; VariantName = "[No Variations]"
Change component parameters (AddParameter): Name = "PackageReference"; Value = "C1206"; VariantName = "[No Variations]"
Change component parameters (AddParameter): Name = "Published"; Value = "8-Jun-2000"; VariantName = "[No Variations]"
Change component parameters (AddParameter): Name = "Publisher"; Value = "Altium Limited"; VariantName = "[No Variations]"
Change component parameters (AddParameter): Name = "Value"; Value = "100nF"; VariantName = "[No Variations]"
Change component parameters: Designator = "R1" ("R1"); Footprint = "1608[0603]"; UniqueID = "\RYTUGUAY" ("\RYTUGUAY")
Change component parameters (AddParameter): Name = "Avail"; Value = "20"; VariantName = "[No Variations]"
Change component parameters (AddParameter): Name = "Order"; Value = "CR0603-JW-220GLF"; VariantName = "[No Variations]"
Change component parameters (AddParameter): Name = "Value"; Value = "22R"; VariantName = "[No Variations]"
Change component parameters: Designator = "R2" ("R2"); Footprint = "Yegeo 0603"; UniqueID = "\HDQKAEYQ" ("\HDQKAEYQ")
Change component parameters (AddParameter): Name = "Avail"; Value = "20"; VariantName = "[No Variations]"
Change component parameters (AddParameter): Name = "Order"; Value = "CR0603-JW-220GLF"; VariantName = "[No Variations]"
Change component parameters (AddParameter): Name = "Value"; Value = "22R"; VariantName = "[No Variations]"
Change component parameters: Designator = "P3" ("P3"); Footprint = "MMCX2.54-V5"; UniqueID = "\GKZZVVQJ" ("\GKZZVVQJ")
Change component parameters (AddParameter): Name = "LatestRevisionDate"; Value = "17-Jul-2002"; VariantName = "[No Variations]"
Change component parameters (AddParameter): Name = "LatestRevisionNote"; Value = "Re-released for DXP Platform."; VariantName = "[No Variations]"
Change component parameters (AddParameter): Name = "Publisher"; Value = "Altium Limited"; VariantName = "[No Variations]"
Change component parameters: Designator = "U1" ("U1"); Footprint = "ADI-RU-16_N"; UniqueID = "\VVKIRGPK" ("\VVKIRGPK")
Change component parameters (AddParameter): Name = "Avail"; Value = "1"; VariantName = "[No Variations]"
Change component parameters (AddParameter): Name = "Order"; Value = "USBLC6-2"; VariantName = "[No Variations]"
Change component parameters: Designator = "U2" ("U2"); Footprint = "TI-DBV5_N"; UniqueID = "\DTENKQSS" ("\DTENKQSS")
Added Component: Designator=Display1(WEG010016A)
Added Component: Designator=J1(MOLEX_500075-1517)
Add component (AddParameter): Name = "Author"; Value = "CERN DEM JLC"; VariantName = "[No Variations]"
Add component (AddParameter): Name = "Component Type"; Value = "Standard"; VariantName = "[No Variations]"
Add component (AddParameter): Name = "ComponentHeight"; Value = "7.7mm"; VariantName = "[No Variations]"
Add component (AddParameter): Name = "CreateDate"; Value = "25.07.2012"; VariantName = "[No Variations]"
Add component (AddParameter): Name = "Family"; Value = "USB"; VariantName = "[No Variations]"
Add component (AddParameter): Name = "HelpURL"; Value = "\\cern.ch\dfs\Applications\Altium\Datasheets\MOLEX_500075-1517.pdf"; VariantName = "[No Variations]"
Add component (AddParameter): Name = "LatestRevisionDate"; Value = "25.07.2012"; VariantName = "[No Variations]"
Add component (AddParameter): Name = "Manufacturer"; Value = "MOLEX"; VariantName = "[No Variations]"
Add component (AddParameter): Name = "Manufacturer Part Number"; Value = "500075-1517"; VariantName = "[No Variations]"
Add component (AddParameter): Name = "Mounted"; Value = "Yes"; VariantName = "[No Variations]"
Add component (AddParameter): Name = "Part Description"; Value = "USB Mini-B Serie Type 2 Through Hole Straight Receptacle"; VariantName = "[No Variations]"
Add component (AddParameter): Name = "Part Number"; Value = "MOLEX_500075-1517"; VariantName = "[No Variations]"
Add component (AddParameter): Name = "Pin Count"; Value = "6"; VariantName = "[No Variations]"
Add component (AddParameter): Name = "PressFit"; Value = "No"; VariantName = "[No Variations]"
Add component (AddParameter): Name = "Sense"; Value = "No"; VariantName = "[No Variations]"
Add component (AddParameter): Name = "SMD"; Value = "No"; VariantName = "[No Variations]"
Add component (AddParameter): Name = "Socket"; Value = "No"; VariantName = "[No Variations]"
Add component (AddParameter): Name = "Status"; Value = "None"; VariantName = "[No Variations]"
Added Component: Designator=Uiso1(RW_16_ADI)
Add component (AddParameter): Name = "Built_By"; Value = "EMA_UL_Team"; VariantName = "[No Variations]"
Add component (AddParameter): Name = "Copyright"; Value = "Copyright (C) 2018 Accelerated Designs. All rights reserved"; VariantName = "[No Variations]"
Add component (AddParameter): Name = "Manufacturer_Part_Number"; Value = "ADUM4160BRWZ"; VariantName = "[No Variations]"
Add component (AddParameter): Name = "RefDes"; Value = "RefDes"; VariantName = "[No Variations]"
Add component (AddParameter): Name = "SourceLibrary"; Value = "Analog_2015-12-15"; VariantName = "[No Variations]"
Add component (AddParameter): Name = "Type"; Value = "DEV"; VariantName = "[No Variations]"
Add component (AddParameter): Name = "Vendor"; Value = "Analog Devices Inc"; VariantName = "[No Variations]"
Added Component: Designator=Z1(PRQV8.00CR5010Y000)
Added Pin To Net: NetName=DGND Pin=C1-1
Added Pin To Net: NetName=+3.3V Pin=C1-2
Added Pin To Net: NetName=DGND Pin=Display1-1
Added Pin To Net: NetName=+5V Pin=Display1-2
Added Pin To Net: NetName=+3.3V Pin=P1-8
Added Pin To Net: NetName=COUNT_EN Pin=P1-13
Added Pin To Net: NetName=CPU_IRQ Pin=P1-17
Added Pin To Net: NetName=DGND Pin=P1-20
Added Pin To Net: NetName=SPI2_NSS Pin=P1-29
Added Pin To Net: NetName=SPI2_MOSI Pin=P1-31
Added Pin To Net: NetName=SPI2_SCK Pin=P1-33
Added Pin To Net: NetName=DGND Pin=P1-34
Added Pin To Net: NetName=DGND Pin=P1-36
Added Pin To Net: NetName=+3.3V Pin=P3-1
Added Pin To Net: NetName=DGND Pin=U2-8
Added Pin To Net: NetName=+3.3V Pin=U2-9
Added Pin To Net: NetName=CPU_IRQ Pin=U2-12
Added Pin To Net: NetName=DGND Pin=U2-23
Added Pin To Net: NetName=+3.3V Pin=U2-24
Added Pin To Net: NetName=SPI2_NSS Pin=U2-25
Added Pin To Net: NetName=SPI2_SCK Pin=U2-26
Added Pin To Net: NetName=SPI2_MOSI Pin=U2-28
Added Pin To Net: NetName=DGND Pin=U2-35
Added Pin To Net: NetName=+3.3V Pin=U2-36
Added Pin To Net: NetName=COUNT_EN Pin=U2-39
Added Pin To Net: NetName=DGND Pin=U2-44
Added Pin To Net: NetName=DGND Pin=U2-47
Added Pin To Net: NetName=+3.3V Pin=U2-48
Added Pin To Net: NetName=DGND Pin=Uiso1-9
Added Pin To Net: NetName=+3.3V Pin=Uiso1-12
Added Pin To Net: NetName=+3.3V Pin=Uiso1-13
Added Pin To Net: NetName=+3.3V Pin=Uiso1-14
Added Pin To Net: NetName=DGND Pin=Uiso1-15
Added Pin To Net: NetName=+3.3V Pin=Uiso1-16
Added Pin To Net: NetName=DGND Pin=Z1-3
Added Pin To Net: NetName=+5USB Pin=C2-2
Added Pin To Net: NetName=+5USB Pin=J1-1
Added Pin To Net: NetName=+5USB Pin=U1-5
Added Pin To Net: NetName=+5USB Pin=Uiso1-1
Added Net: Name=+5USB
Added Pin To Net: NetName=Control_bus_0 Pin=P1-19
Added Pin To Net: NetName=Control_bus_0 Pin=U2-18
Added Net: Name=Control_bus_0
Added Pin To Net: NetName=Control_bus_1 Pin=P1-21
Added Pin To Net: NetName=Control_bus_1 Pin=U2-19
Added Net: Name=Control_bus_1
Added Pin To Net: NetName=Control_bus_2 Pin=P1-23
Added Pin To Net: NetName=Control_bus_2 Pin=U2-20
Added Net: Name=Control_bus_2
Added Pin To Net: NetName=Control_bus_3 Pin=P1-25
Added Pin To Net: NetName=Control_bus_3 Pin=U2-21
Added Net: Name=Control_bus_3
Added Pin To Net: NetName=DAC_ALARM Pin=P1-32
Added Pin To Net: NetName=DAC_ALARM Pin=U2-11
Added Net: Name=DAC_ALARM
Added Pin To Net: NetName=DAC_CLR Pin=P1-30
Added Pin To Net: NetName=DAC_CLR Pin=U2-10
Added Net: Name=DAC_CLR
Added Pin To Net: NetName=Display_DB4 Pin=Display1-11
Added Pin To Net: NetName=Display_DB4 Pin=U2-31
Added Net: Name=Display_DB4
Added Pin To Net: NetName=Display_DB5 Pin=Display1-12
Added Pin To Net: NetName=Display_DB5 Pin=U2-38
Added Net: Name=Display_DB5
Added Pin To Net: NetName=Display_DB6 Pin=Display1-13
Added Pin To Net: NetName=Display_DB6 Pin=U2-2
Added Net: Name=Display_DB6
Added Pin To Net: NetName=Display_DB7 Pin=Display1-14
Added Pin To Net: NetName=Display_DB7 Pin=U2-41
Added Net: Name=Display_DB7
Added Pin To Net: NetName=Display_EN Pin=Display1-6
Added Pin To Net: NetName=Display_EN Pin=U2-27
Added Net: Name=Display_EN
Added Pin To Net: NetName=Display_RS Pin=Display1-4
Added Pin To Net: NetName=Display_RS Pin=U2-30
Added Net: Name=Display_RS
Added Pin To Net: NetName=Display_RW Pin=Display1-5
Added Pin To Net: NetName=Display_RW Pin=U2-29
Added Net: Name=Display_RW
Added Pin To Net: NetName=Encode_A Pin=U2-42
Added Net: Name=Encode_A
Added Pin To Net: NetName=Encode_B Pin=U2-43
Added Net: Name=Encode_B
Added Pin To Net: NetName=Encode_push Pin=U2-13
Added Net: Name=Encode_push
Added Pin To Net: NetName=NetC3_2 Pin=C3-2
Added Pin To Net: NetName=NetC3_2 Pin=Uiso1-3
Added Pin To Net: NetName=NetC3_2 Pin=Uiso1-4
Added Pin To Net: NetName=NetC3_2 Pin=Uiso1-5
Added Net: Name=NetC3_2
Added Pin To Net: NetName=NetJ1_2 Pin=J1-2
Added Pin To Net: NetName=NetJ1_2 Pin=R1-2
Added Net: Name=NetJ1_2
Added Pin To Net: NetName=NetJ1_3 Pin=J1-3
Added Pin To Net: NetName=NetJ1_3 Pin=R2-2
Added Net: Name=NetJ1_3
Added Pin To Net: NetName=NetP3_2 Pin=P3-2
Added Pin To Net: NetName=NetP3_2 Pin=U2-37
Added Net: Name=NetP3_2
Added Pin To Net: NetName=NetP3_3 Pin=P3-3
Added Pin To Net: NetName=NetP3_3 Pin=U2-34
Added Net: Name=NetP3_3
Added Pin To Net: NetName=NetR2_1 Pin=R2-1
Added Pin To Net: NetName=NetR2_1 Pin=U1-3
Added Net: Name=NetR2_1
Added Pin To Net: NetName=NetU1_4 Pin=U1-4
Added Pin To Net: NetName=NetU1_4 Pin=Uiso1-7
Added Net: Name=NetU1_4
Added Pin To Net: NetName=NetU1_6 Pin=U1-6
Added Pin To Net: NetName=NetU1_6 Pin=Uiso1-6
Added Net: Name=NetU1_6
Added Pin To Net: NetName=NetU2_5 Pin=U2-5
Added Pin To Net: NetName=NetU2_5 Pin=Z1-2
Added Net: Name=NetU2_5
Added Pin To Net: NetName=NetU2_6 Pin=U2-6
Added Pin To Net: NetName=NetU2_6 Pin=Z1-1
Added Net: Name=NetU2_6
Added Pin To Net: NetName=Relay_cs Pin=P1-14
Added Pin To Net: NetName=Relay_cs Pin=U2-40
Added Net: Name=Relay_cs
Added Pin To Net: NetName=SPI1_MISO Pin=P1-22
Added Pin To Net: NetName=SPI1_MISO Pin=U2-16
Added Net: Name=SPI1_MISO
Added Pin To Net: NetName=SPI1_MOSI Pin=P1-26
Added Pin To Net: NetName=SPI1_MOSI Pin=U2-17
Added Net: Name=SPI1_MOSI
Added Pin To Net: NetName=SPI1_NSS Pin=P1-24
Added Pin To Net: NetName=SPI1_NSS Pin=U2-14
Added Net: Name=SPI1_NSS
Added Pin To Net: NetName=SPI1_SCK Pin=P1-28
Added Pin To Net: NetName=SPI1_SCK Pin=U2-15
Added Net: Name=SPI1_SCK
Added Pin To Net: NetName=TMP117_SCL Pin=P1-18
Added Pin To Net: NetName=TMP117_SCL Pin=U2-45
Added Net: Name=TMP117_SCL
Added Pin To Net: NetName=TMP117_SDA Pin=P1-16
Added Pin To Net: NetName=TMP117_SDA Pin=U2-46
Added Net: Name=TMP117_SDA
Added Pin To Net: NetName=USB+DATA Pin=U2-33
Added Pin To Net: NetName=USB+DATA Pin=Uiso1-10
Added Net: Name=USB+DATA
Added Pin To Net: NetName=USB-DATA Pin=U2-32
Added Pin To Net: NetName=USB-DATA Pin=Uiso1-11
Added Net: Name=USB-DATA
Added Pin To Net: NetName=USB_GND Pin=C2-1
Added Pin To Net: NetName=USB_GND Pin=C3-1
Added Pin To Net: NetName=USB_GND Pin=J1-5
Added Pin To Net: NetName=USB_GND Pin=J1-6
Added Pin To Net: NetName=USB_GND Pin=J1-6
Added Pin To Net: NetName=USB_GND Pin=U1-2
Added Pin To Net: NetName=USB_GND Pin=Uiso1-2
Added Pin To Net: NetName=USB_GND Pin=Uiso1-8
Added Net: Name=USB_GND
Change Class Name : Old Net Name=shcematics New Net Name=v2
Added Member To Class: ClassName=v2 Member=Component Display1 WEG010016A
Added Member To Class: ClassName=v2 Member=Component J1 USB
Added Member To Class: ClassName=v2 Member=Component P1 Header 18X2
Added Member To Class: ClassName=v2 Member=Component P2 Header 18X2
Added Member To Class: ClassName=v2 Member=Component Uiso1
Added Member To Class: ClassName=v2 Member=Component Z1 8MHZ CSTCE8M00G55-R0
