Added Component: Designator=C1(CAP 0603)
Add component (AddParameter): Name = "LatestRevisionDate"; Value = "29-May-2009"; VariantName = "[No Variations]"
Add component (AddParameter): Name = "LatestRevisionNote"; Value = "IPC-7351 Footprint Added."; VariantName = "[No Variations]"
Add component (AddParameter): Name = "Order"; Value = "CC0603KRX7R8BB104"; VariantName = "[No Variations]"
Add component (AddParameter): Name = "PackageDescription"; Value = "Chip Capacitor"; VariantName = "[No Variations]"
Add component (AddParameter): Name = "PackageReference"; Value = "C1206"; VariantName = "[No Variations]"
Add component (AddParameter): Name = "Published"; Value = "8-Jun-2000"; VariantName = "[No Variations]"
Add component (AddParameter): Name = "Publisher"; Value = "Altium Limited"; VariantName = "[No Variations]"
Add component (AddParameter): Name = "Value"; Value = "100nF"; VariantName = "[No Variations]"
Added Component: Designator=C2(CAP 0603)
Add component (AddParameter): Name = "LatestRevisionDate"; Value = "29-May-2009"; VariantName = "[No Variations]"
Add component (AddParameter): Name = "LatestRevisionNote"; Value = "IPC-7351 Footprint Added."; VariantName = "[No Variations]"
Add component (AddParameter): Name = "Order"; Value = "CC0603KRX7R8BB104"; VariantName = "[No Variations]"
Add component (AddParameter): Name = "PackageDescription"; Value = "Chip Capacitor"; VariantName = "[No Variations]"
Add component (AddParameter): Name = "PackageReference"; Value = "C1206"; VariantName = "[No Variations]"
Add component (AddParameter): Name = "Published"; Value = "8-Jun-2000"; VariantName = "[No Variations]"
Add component (AddParameter): Name = "Publisher"; Value = "Altium Limited"; VariantName = "[No Variations]"
Add component (AddParameter): Name = "Value"; Value = "100nF"; VariantName = "[No Variations]"
Added Component: Designator=C3(CAP 0603)
Add component (AddParameter): Name = "LatestRevisionDate"; Value = "29-May-2009"; VariantName = "[No Variations]"
Add component (AddParameter): Name = "LatestRevisionNote"; Value = "IPC-7351 Footprint Added."; VariantName = "[No Variations]"
Add component (AddParameter): Name = "Order"; Value = "CC0603KRX7R8BB104"; VariantName = "[No Variations]"
Add component (AddParameter): Name = "PackageDescription"; Value = "Chip Capacitor"; VariantName = "[No Variations]"
Add component (AddParameter): Name = "PackageReference"; Value = "C1206"; VariantName = "[No Variations]"
Add component (AddParameter): Name = "Published"; Value = "8-Jun-2000"; VariantName = "[No Variations]"
Add component (AddParameter): Name = "Publisher"; Value = "Altium Limited"; VariantName = "[No Variations]"
Add component (AddParameter): Name = "Value"; Value = "100nF"; VariantName = "[No Variations]"
Added Component: Designator=P3(HDR1X4)
Add component (AddParameter): Name = "LatestRevisionDate"; Value = "17-Jul-2002"; VariantName = "[No Variations]"
Add component (AddParameter): Name = "LatestRevisionNote"; Value = "Re-released for DXP Platform."; VariantName = "[No Variations]"
Add component (AddParameter): Name = "Publisher"; Value = "Altium Limited"; VariantName = "[No Variations]"
Added Component: Designator=R1(1608[0603])
Add component (AddParameter): Name = "Avail"; Value = "20"; VariantName = "[No Variations]"
Add component (AddParameter): Name = "Order"; Value = "CR0603-JW-220GLF"; VariantName = "[No Variations]"
Add component (AddParameter): Name = "Value"; Value = "22R"; VariantName = "[No Variations]"
Added Component: Designator=R2(1608[0603])
Add component (AddParameter): Name = "Avail"; Value = "20"; VariantName = "[No Variations]"
Add component (AddParameter): Name = "Order"; Value = "CR0603-JW-220GLF"; VariantName = "[No Variations]"
Add component (AddParameter): Name = "Value"; Value = "22R"; VariantName = "[No Variations]"
Added Component: Designator=U1(SOT23-6L)
Add component (AddParameter): Name = "Avail"; Value = "1"; VariantName = "[No Variations]"
Add component (AddParameter): Name = "Order"; Value = "USBLC6-2"; VariantName = "[No Variations]"
Added Component: Designator=U2(UFQFPN48)
Added Component: Designator=Z1(PRQV8.00CR5010Y000)
Added Pin To Net: NetName=DGND Pin=C1-1
Added Pin To Net: NetName=+3.3V Pin=C1-2
Added Pin To Net: NetName=USB_GND Pin=C2-1
Added Pin To Net: NetName=+5USB Pin=C2-2
Added Pin To Net: NetName=USB_GND Pin=C3-1
Added Pin To Net: NetName=NetC3_2 Pin=C3-2
Added Pin To Net: NetName=+3.3V Pin=P3-1
Added Pin To Net: NetName=NetP3_2 Pin=P3-2
Added Pin To Net: NetName=NetP3_3 Pin=P3-3
Added Pin To Net: NetName=DGND Pin=P3-4
Added Pin To Net: NetName=NetR1_1 Pin=R1-1
Added Pin To Net: NetName=NetJ1_2 Pin=R1-2
Added Pin To Net: NetName=NetR2_1 Pin=R2-1
Added Pin To Net: NetName=NetJ1_3 Pin=R2-2
Added Pin To Net: NetName=NetR1_1 Pin=U1-1
Added Pin To Net: NetName=USB_GND Pin=U1-2
Added Pin To Net: NetName=NetR2_1 Pin=U1-3
Added Pin To Net: NetName=NetU1_4 Pin=U1-4
Added Pin To Net: NetName=+5USB Pin=U1-5
Added Pin To Net: NetName=NetU1_6 Pin=U1-6
Added Pin To Net: NetName=Display_DB6 Pin=U2-2
Added Pin To Net: NetName=NetU2_5 Pin=U2-5
Added Pin To Net: NetName=NetU2_6 Pin=U2-6
Added Pin To Net: NetName=DGND Pin=U2-8
Added Pin To Net: NetName=+3.3V Pin=U2-9
Added Pin To Net: NetName=DAC_CLR Pin=U2-10
Added Pin To Net: NetName=DAC_ALARM Pin=U2-11
Added Pin To Net: NetName=CPU_IRQ Pin=U2-12
Added Pin To Net: NetName=Encode_push Pin=U2-13
Added Pin To Net: NetName=SPI1_NSS Pin=U2-14
Added Pin To Net: NetName=SPI1_SCK Pin=U2-15
Added Pin To Net: NetName=SPI1_MISO Pin=U2-16
Added Pin To Net: NetName=SPI1_MOSI Pin=U2-17
Added Pin To Net: NetName=Control_bus_0 Pin=U2-18
Added Pin To Net: NetName=Control_bus_1 Pin=U2-19
Added Pin To Net: NetName=Control_bus_2 Pin=U2-20
Added Pin To Net: NetName=Control_bus_3 Pin=U2-21
Added Pin To Net: NetName=DGND Pin=U2-23
Added Pin To Net: NetName=+3.3V Pin=U2-24
Added Pin To Net: NetName=SPI2_NSS Pin=U2-25
Added Pin To Net: NetName=SPI2_SCK Pin=U2-26
Added Pin To Net: NetName=Display_EN Pin=U2-27
Added Pin To Net: NetName=SPI2_MOSI Pin=U2-28
Added Pin To Net: NetName=Display_RW Pin=U2-29
Added Pin To Net: NetName=Display_RS Pin=U2-30
Added Pin To Net: NetName=Display_DB4 Pin=U2-31
Added Pin To Net: NetName=USB-DATA Pin=U2-32
Added Pin To Net: NetName=USB+DATA Pin=U2-33
Added Pin To Net: NetName=NetP3_3 Pin=U2-34
Added Pin To Net: NetName=DGND Pin=U2-35
Added Pin To Net: NetName=+3.3V Pin=U2-36
Added Pin To Net: NetName=NetP3_2 Pin=U2-37
Added Pin To Net: NetName=Display_DB5 Pin=U2-38
Added Pin To Net: NetName=COUNT_EN Pin=U2-39
Added Pin To Net: NetName=Relay_cs Pin=U2-40
Added Pin To Net: NetName=Display_DB7 Pin=U2-41
Added Pin To Net: NetName=Encode_A Pin=U2-42
Added Pin To Net: NetName=Encode_B Pin=U2-43
Added Pin To Net: NetName=DGND Pin=U2-44
Added Pin To Net: NetName=TMP117_SCL Pin=U2-45
Added Pin To Net: NetName=TMP117_SDA Pin=U2-46
Added Pin To Net: NetName=DGND Pin=U2-47
Added Pin To Net: NetName=+3.3V Pin=U2-48
Added Pin To Net: NetName=NetU2_6 Pin=Z1-1
Added Pin To Net: NetName=NetU2_5 Pin=Z1-2
Added Pin To Net: NetName=DGND Pin=Z1-3
Added Member To Class: ClassName=v2 Member=Component C1 100nF
Added Member To Class: ClassName=v2 Member=Component C2 100nF
Added Member To Class: ClassName=v2 Member=Component C3 100nF
Added Member To Class: ClassName=v2 Member=Component P3 SWD
Added Member To Class: ClassName=v2 Member=Component R1 22R
Added Member To Class: ClassName=v2 Member=Component R2 22R
Added Member To Class: ClassName=v2 Member=Component U1 USBLC6-2
Added Member To Class: ClassName=v2 Member=Component U2 STM32L152CBU6
Added Member To Class: ClassName=v2 Member=Component Z1 8MHZ CSTCE8M00G55-R0
