Change Component Comment : Designator=R3 Old Comment=10K New Comment=3.3K
Change Component Comment : Designator=R4 Old Comment=50K New Comment=22K
Change Component Comment : Designator=R5 Old Comment=100K New Comment=12K
Change component parameters: Designator = "P1" ("P1"); Footprint = "HDR2X18"; UniqueID = "\MNBMDRPH" ("\MNBMDRPH")
Change component parameters (AddParameter): Name = "LatestRevisionDate"; Value = "17-Jul-2002"; VariantName = "[No Variations]"
Change component parameters (AddParameter): Name = "LatestRevisionNote"; Value = "Re-released for DXP Platform."; VariantName = "[No Variations]"
Change component parameters (AddParameter): Name = "Publisher"; Value = "Altium Limited"; VariantName = "[No Variations]"
Change component parameters (AddParameter): Name = "System"; Value = "Connector"; VariantName = "[No Variations]"
Change component parameters: Designator = "P2" ("P2"); Footprint = "HDR2X18"; UniqueID = "\RLNMSQMB" ("\RLNMSQMB")
Change component parameters (AddParameter): Name = "LatestRevisionDate"; Value = "17-Jul-2002"; VariantName = "[No Variations]"
Change component parameters (AddParameter): Name = "LatestRevisionNote"; Value = "Re-released for DXP Platform."; VariantName = "[No Variations]"
Change component parameters (AddParameter): Name = "Publisher"; Value = "Altium Limited"; VariantName = "[No Variations]"
Change component parameters (AddParameter): Name = "System"; Value = "Connector"; VariantName = "[No Variations]"
Change component parameters: Designator = "R3" ("R3"); Footprint = "Yegeo 0603"; UniqueID = "\NFTAATJO" ("\NFTAATJO")
Change component parameters (AddParameter): Name = "Avail"; Value = "20"; VariantName = "[No Variations]"
Change component parameters (AddParameter): Name = "Order"; Value = "ERA-3AEB49R9V"; VariantName = "[No Variations]"
Change component parameters (AddParameter): Name = "Value"; Value = "3.3K"; VariantName = "[No Variations]"
Change component parameters: Designator = "R4" ("R4"); Footprint = "Yegeo 0603"; UniqueID = "\OBRVNDCJ" ("\OBRVNDCJ")
Change component parameters (AddParameter): Name = "Avail"; Value = "20"; VariantName = "[No Variations]"
Change component parameters (AddParameter): Name = "Order"; Value = "ERA-3AEB49R9V"; VariantName = "[No Variations]"
Change component parameters (AddParameter): Name = "Value"; Value = "22K"; VariantName = "[No Variations]"
Change component parameters: Designator = "R5" ("R5"); Footprint = "Yegeo 0603"; UniqueID = "\HZKVCUDZ" ("\HZKVCUDZ")
Change component parameters (AddParameter): Name = "Avail"; Value = "20"; VariantName = "[No Variations]"
Change component parameters (AddParameter): Name = "Order"; Value = "ERA-3AEB49R9V"; VariantName = "[No Variations]"
Change component parameters (AddParameter): Name = "Value"; Value = "12K"; VariantName = "[No Variations]"
Added Member To Class: ClassName=shcematics Member=Component P1 Header 18X2
Added Member To Class: ClassName=shcematics Member=Component P2 Header 18X2
